2017-12-14 13:17:13,508 CRIT Supervisor running as root (no user in config file)
2017-12-14 13:17:13,508 WARN Included extra file "/etc/supervisor/conf.d/supervisord.conf" during parsing
2017-12-14 13:17:13,538 INFO RPC interface 'supervisor' initialized
2017-12-14 13:17:13,538 CRIT Server 'unix_http_server' running without any HTTP authentication checking
2017-12-14 13:17:13,538 INFO supervisord started with pid 1
2017-12-14 13:17:14,543 INFO spawned: 'varnishd' with pid 13
2017-12-14 13:17:14,550 INFO spawned: 'php-fpm' with pid 14
2017-12-14 13:17:14,555 INFO spawned: 'varnish-plugins-watcher' with pid 15
2017-12-14 13:17:14,563 INFO spawned: 'nginx' with pid 16
2017-12-14 13:17:14,569 INFO spawned: 'MailHog' with pid 17
2017-12-14 13:17:14,576 INFO spawned: 'mysql' with pid 18
2017-12-14 13:17:14,583 INFO spawned: 'varnish-themes-watcher' with pid 19
2017-12-14 13:17:15,987 INFO success: varnishd entered RUNNING state, process has stayed up for > than 1 seconds (startsecs)
2017-12-14 13:17:15,987 INFO success: php-fpm entered RUNNING state, process has stayed up for > than 1 seconds (startsecs)
2017-12-14 13:17:15,987 INFO success: varnish-plugins-watcher entered RUNNING state, process has stayed up for > than 1 seconds (startsecs)
2017-12-14 13:17:15,988 INFO success: nginx entered RUNNING state, process has stayed up for > than 1 seconds (startsecs)
2017-12-14 13:17:15,988 INFO success: MailHog entered RUNNING state, process has stayed up for > than 1 seconds (startsecs)
2017-12-14 13:17:15,988 INFO success: mysql entered RUNNING state, process has stayed up for > than 1 seconds (startsecs)
2017-12-14 13:17:15,988 INFO success: varnish-themes-watcher entered RUNNING state, process has stayed up for > than 1 seconds (startsecs)
2017-12-14 17:33:55,909 CRIT Supervisor running as root (no user in config file)
2017-12-14 17:33:55,910 WARN Included extra file "/etc/supervisor/conf.d/supervisord.conf" during parsing
2017-12-14 17:33:56,263 INFO RPC interface 'supervisor' initialized
2017-12-14 17:33:56,268 CRIT Server 'unix_http_server' running without any HTTP authentication checking
2017-12-14 17:33:56,269 INFO supervisord started with pid 1
2017-12-14 17:33:57,275 INFO spawned: 'varnishd' with pid 7
2017-12-14 17:33:57,284 INFO spawned: 'php-fpm' with pid 8
2017-12-14 17:33:57,287 INFO spawned: 'varnish-plugins-watcher' with pid 9
2017-12-14 17:33:57,293 INFO spawned: 'nginx' with pid 10
2017-12-14 17:33:57,299 INFO spawned: 'MailHog' with pid 11
2017-12-14 17:33:57,308 INFO spawned: 'mysql' with pid 12
2017-12-14 17:33:57,321 INFO spawned: 'varnish-themes-watcher' with pid 13
2017-12-14 17:33:58,725 INFO success: varnishd entered RUNNING state, process has stayed up for > than 1 seconds (startsecs)
2017-12-14 17:33:58,725 INFO success: php-fpm entered RUNNING state, process has stayed up for > than 1 seconds (startsecs)
2017-12-14 17:33:58,726 INFO success: varnish-plugins-watcher entered RUNNING state, process has stayed up for > than 1 seconds (startsecs)
2017-12-14 17:33:58,726 INFO success: nginx entered RUNNING state, process has stayed up for > than 1 seconds (startsecs)
2017-12-14 17:33:58,726 INFO success: MailHog entered RUNNING state, process has stayed up for > than 1 seconds (startsecs)
2017-12-14 17:33:58,726 INFO success: mysql entered RUNNING state, process has stayed up for > than 1 seconds (startsecs)
2017-12-14 17:33:58,726 INFO success: varnish-themes-watcher entered RUNNING state, process has stayed up for > than 1 seconds (startsecs)
2017-12-15 14:30:08,906 CRIT Supervisor running as root (no user in config file)
2017-12-15 14:30:08,907 WARN Included extra file "/etc/supervisor/conf.d/supervisord.conf" during parsing
2017-12-15 14:30:09,249 INFO RPC interface 'supervisor' initialized
2017-12-15 14:30:09,249 CRIT Server 'unix_http_server' running without any HTTP authentication checking
2017-12-15 14:30:09,250 INFO supervisord started with pid 1
2017-12-15 14:30:10,258 INFO spawned: 'varnishd' with pid 7
2017-12-15 14:30:10,273 INFO spawned: 'php-fpm' with pid 8
2017-12-15 14:30:10,281 INFO spawned: 'varnish-plugins-watcher' with pid 9
2017-12-15 14:30:10,299 INFO spawned: 'nginx' with pid 10
2017-12-15 14:30:10,308 INFO spawned: 'MailHog' with pid 11
2017-12-15 14:30:10,322 INFO spawned: 'mysql' with pid 12
2017-12-15 14:30:10,330 INFO spawned: 'varnish-themes-watcher' with pid 13
2017-12-15 14:30:11,650 INFO success: varnishd entered RUNNING state, process has stayed up for > than 1 seconds (startsecs)
2017-12-15 14:30:11,651 INFO success: php-fpm entered RUNNING state, process has stayed up for > than 1 seconds (startsecs)
2017-12-15 14:30:11,651 INFO success: varnish-plugins-watcher entered RUNNING state, process has stayed up for > than 1 seconds (startsecs)
2017-12-15 14:30:11,651 INFO success: nginx entered RUNNING state, process has stayed up for > than 1 seconds (startsecs)
2017-12-15 14:30:11,651 INFO success: MailHog entered RUNNING state, process has stayed up for > than 1 seconds (startsecs)
2017-12-15 14:30:11,652 INFO success: mysql entered RUNNING state, process has stayed up for > than 1 seconds (startsecs)
2017-12-15 14:30:11,652 INFO success: varnish-themes-watcher entered RUNNING state, process has stayed up for > than 1 seconds (startsecs)
2017-12-15 16:46:49,226 CRIT Supervisor running as root (no user in config file)
2017-12-15 16:46:49,227 WARN Included extra file "/etc/supervisor/conf.d/supervisord.conf" during parsing
2017-12-15 16:46:49,566 INFO RPC interface 'supervisor' initialized
2017-12-15 16:46:49,569 CRIT Server 'unix_http_server' running without any HTTP authentication checking
2017-12-15 16:46:49,570 INFO supervisord started with pid 1
2017-12-15 16:46:50,578 INFO spawned: 'varnishd' with pid 7
2017-12-15 16:46:50,594 INFO spawned: 'php-fpm' with pid 8
2017-12-15 16:46:50,602 INFO spawned: 'varnish-plugins-watcher' with pid 9
2017-12-15 16:46:50,614 INFO spawned: 'nginx' with pid 10
2017-12-15 16:46:50,643 INFO spawned: 'MailHog' with pid 11
2017-12-15 16:46:50,649 INFO spawned: 'mysql' with pid 12
2017-12-15 16:46:50,657 INFO spawned: 'varnish-themes-watcher' with pid 13
2017-12-15 16:46:52,050 INFO success: varnishd entered RUNNING state, process has stayed up for > than 1 seconds (startsecs)
2017-12-15 16:46:52,051 INFO success: php-fpm entered RUNNING state, process has stayed up for > than 1 seconds (startsecs)
2017-12-15 16:46:52,051 INFO success: varnish-plugins-watcher entered RUNNING state, process has stayed up for > than 1 seconds (startsecs)
2017-12-15 16:46:52,051 INFO success: nginx entered RUNNING state, process has stayed up for > than 1 seconds (startsecs)
2017-12-15 16:46:52,051 INFO success: MailHog entered RUNNING state, process has stayed up for > than 1 seconds (startsecs)
2017-12-15 16:46:52,051 INFO success: mysql entered RUNNING state, process has stayed up for > than 1 seconds (startsecs)
2017-12-15 16:46:52,051 INFO success: varnish-themes-watcher entered RUNNING state, process has stayed up for > than 1 seconds (startsecs)
2017-12-17 13:37:38,247 CRIT Supervisor running as root (no user in config file)
2017-12-17 13:37:38,248 WARN Included extra file "/etc/supervisor/conf.d/supervisord.conf" during parsing
2017-12-17 13:37:38,590 INFO RPC interface 'supervisor' initialized
2017-12-17 13:37:38,591 CRIT Server 'unix_http_server' running without any HTTP authentication checking
2017-12-17 13:37:38,591 INFO supervisord started with pid 1
2017-12-17 13:37:39,594 INFO spawned: 'varnishd' with pid 7
2017-12-17 13:37:39,600 INFO spawned: 'php-fpm' with pid 8
2017-12-17 13:37:39,604 INFO spawned: 'varnish-plugins-watcher' with pid 9
2017-12-17 13:37:39,610 INFO spawned: 'nginx' with pid 10
2017-12-17 13:37:39,616 INFO spawned: 'MailHog' with pid 11
2017-12-17 13:37:39,621 INFO spawned: 'mysql' with pid 12
2017-12-17 13:37:39,633 INFO spawned: 'varnish-themes-watcher' with pid 13
2017-12-17 13:37:41,026 INFO success: varnishd entered RUNNING state, process has stayed up for > than 1 seconds (startsecs)
2017-12-17 13:37:41,027 INFO success: php-fpm entered RUNNING state, process has stayed up for > than 1 seconds (startsecs)
2017-12-17 13:37:41,028 INFO success: varnish-plugins-watcher entered RUNNING state, process has stayed up for > than 1 seconds (startsecs)
2017-12-17 13:37:41,028 INFO success: nginx entered RUNNING state, process has stayed up for > than 1 seconds (startsecs)
2017-12-17 13:37:41,029 INFO success: MailHog entered RUNNING state, process has stayed up for > than 1 seconds (startsecs)
2017-12-17 13:37:41,029 INFO success: mysql entered RUNNING state, process has stayed up for > than 1 seconds (startsecs)
2017-12-17 13:37:41,029 INFO success: varnish-themes-watcher entered RUNNING state, process has stayed up for > than 1 seconds (startsecs)
2017-12-17 14:15:56,749 WARN received SIGTERM indicating exit request
2017-12-17 14:15:56,749 INFO waiting for varnishd, php-fpm, varnish-plugins-watcher, nginx, MailHog, mysql, varnish-themes-watcher to die
2017-12-17 14:15:57,751 INFO stopped: varnish-themes-watcher (terminated by SIGTERM)
2017-12-17 14:15:57,759 INFO stopped: mysql (exit status 0)
2017-12-17 14:15:57,760 INFO stopped: MailHog (terminated by SIGTERM)
2017-12-17 14:15:57,779 INFO stopped: nginx (exit status 0)
2017-12-17 14:15:58,782 INFO stopped: varnish-plugins-watcher (terminated by SIGTERM)
2017-12-17 14:15:58,806 INFO stopped: php-fpm (exit status 0)
2017-12-17 14:15:58,859 CRIT reaped unknown pid 19)
2017-12-17 14:15:59,821 INFO waiting for varnishd to die
2017-12-17 14:15:59,973 INFO stopped: varnishd (exit status 0)
2017-12-17 14:16:00,616 CRIT Supervisor running as root (no user in config file)
2017-12-17 14:16:00,617 WARN Included extra file "/etc/supervisor/conf.d/supervisord.conf" during parsing
2017-12-17 14:16:00,686 INFO RPC interface 'supervisor' initialized
2017-12-17 14:16:00,690 CRIT Server 'unix_http_server' running without any HTTP authentication checking
2017-12-17 14:16:00,691 INFO supervisord started with pid 1
2017-12-17 14:16:01,695 INFO spawned: 'varnishd' with pid 28
2017-12-17 14:16:01,702 INFO spawned: 'php-fpm' with pid 29
2017-12-17 14:16:01,706 INFO spawned: 'varnish-plugins-watcher' with pid 30
2017-12-17 14:16:01,712 INFO spawned: 'nginx' with pid 31
2017-12-17 14:16:01,717 INFO spawned: 'MailHog' with pid 32
2017-12-17 14:16:01,727 INFO spawned: 'mysql' with pid 33
2017-12-17 14:16:01,742 INFO spawned: 'varnish-themes-watcher' with pid 34
2017-12-17 14:16:02,763 INFO success: varnishd entered RUNNING state, process has stayed up for > than 1 seconds (startsecs)
2017-12-17 14:16:02,764 INFO success: php-fpm entered RUNNING state, process has stayed up for > than 1 seconds (startsecs)
2017-12-17 14:16:02,765 INFO success: varnish-plugins-watcher entered RUNNING state, process has stayed up for > than 1 seconds (startsecs)
2017-12-17 14:16:02,765 INFO success: nginx entered RUNNING state, process has stayed up for > than 1 seconds (startsecs)
2017-12-17 14:16:02,766 INFO success: MailHog entered RUNNING state, process has stayed up for > than 1 seconds (startsecs)
2017-12-17 14:16:02,766 INFO success: mysql entered RUNNING state, process has stayed up for > than 1 seconds (startsecs)
2017-12-17 14:16:02,767 INFO success: varnish-themes-watcher entered RUNNING state, process has stayed up for > than 1 seconds (startsecs)
2017-12-18 13:56:56,505 CRIT Supervisor running as root (no user in config file)
2017-12-18 13:56:56,506 WARN Included extra file "/etc/supervisor/conf.d/supervisord.conf" during parsing
2017-12-18 13:56:56,849 INFO RPC interface 'supervisor' initialized
2017-12-18 13:56:56,849 CRIT Server 'unix_http_server' running without any HTTP authentication checking
2017-12-18 13:56:56,850 INFO supervisord started with pid 1
2017-12-18 13:56:57,854 INFO spawned: 'varnishd' with pid 7
2017-12-18 13:56:57,864 INFO spawned: 'php-fpm' with pid 8
2017-12-18 13:56:57,869 INFO spawned: 'varnish-plugins-watcher' with pid 9
2017-12-18 13:56:57,875 INFO spawned: 'nginx' with pid 10
2017-12-18 13:56:57,883 INFO spawned: 'MailHog' with pid 11
2017-12-18 13:56:57,904 INFO spawned: 'mysql' with pid 12
2017-12-18 13:56:57,907 INFO spawned: 'varnish-themes-watcher' with pid 13
2017-12-18 13:56:59,298 INFO success: varnishd entered RUNNING state, process has stayed up for > than 1 seconds (startsecs)
2017-12-18 13:56:59,299 INFO success: php-fpm entered RUNNING state, process has stayed up for > than 1 seconds (startsecs)
2017-12-18 13:56:59,300 INFO success: varnish-plugins-watcher entered RUNNING state, process has stayed up for > than 1 seconds (startsecs)
2017-12-18 13:56:59,300 INFO success: nginx entered RUNNING state, process has stayed up for > than 1 seconds (startsecs)
2017-12-18 13:56:59,300 INFO success: MailHog entered RUNNING state, process has stayed up for > than 1 seconds (startsecs)
2017-12-18 13:56:59,301 INFO success: mysql entered RUNNING state, process has stayed up for > than 1 seconds (startsecs)
2017-12-18 13:56:59,301 INFO success: varnish-themes-watcher entered RUNNING state, process has stayed up for > than 1 seconds (startsecs)
2017-12-18 16:51:41,806 CRIT Supervisor running as root (no user in config file)
2017-12-18 16:51:41,807 WARN Included extra file "/etc/supervisor/conf.d/supervisord.conf" during parsing
2017-12-18 16:51:42,181 INFO RPC interface 'supervisor' initialized
2017-12-18 16:51:42,188 CRIT Server 'unix_http_server' running without any HTTP authentication checking
2017-12-18 16:51:42,188 INFO supervisord started with pid 1
2017-12-18 16:51:43,194 INFO spawned: 'varnishd' with pid 24
2017-12-18 16:51:43,210 INFO spawned: 'php-fpm' with pid 25
2017-12-18 16:51:43,217 INFO spawned: 'varnish-plugins-watcher' with pid 26
2017-12-18 16:51:43,232 INFO spawned: 'nginx' with pid 27
2017-12-18 16:51:43,252 INFO spawned: 'MailHog' with pid 28
2017-12-18 16:51:43,258 INFO spawned: 'mysql' with pid 29
2017-12-18 16:51:43,261 INFO spawned: 'varnish-themes-watcher' with pid 30
2017-12-18 16:51:44,573 INFO success: varnishd entered RUNNING state, process has stayed up for > than 1 seconds (startsecs)
2017-12-18 16:51:44,573 INFO success: php-fpm entered RUNNING state, process has stayed up for > than 1 seconds (startsecs)
2017-12-18 16:51:44,574 INFO success: varnish-plugins-watcher entered RUNNING state, process has stayed up for > than 1 seconds (startsecs)
2017-12-18 16:51:44,574 INFO success: nginx entered RUNNING state, process has stayed up for > than 1 seconds (startsecs)
2017-12-18 16:51:44,574 INFO success: MailHog entered RUNNING state, process has stayed up for > than 1 seconds (startsecs)
2017-12-18 16:51:44,574 INFO success: mysql entered RUNNING state, process has stayed up for > than 1 seconds (startsecs)
2017-12-18 16:51:44,574 INFO success: varnish-themes-watcher entered RUNNING state, process has stayed up for > than 1 seconds (startsecs)
2017-12-18 17:47:00,997 WARN received SIGTERM indicating exit request
2017-12-18 17:47:00,997 INFO waiting for varnishd, php-fpm, varnish-plugins-watcher, nginx, MailHog, mysql, varnish-themes-watcher to die
2017-12-18 17:47:01,999 INFO stopped: varnish-themes-watcher (terminated by SIGTERM)
2017-12-18 17:47:02,026 INFO stopped: mysql (exit status 0)
2017-12-18 17:47:02,029 INFO stopped: MailHog (terminated by SIGTERM)
2017-12-18 17:47:02,050 INFO stopped: nginx (exit status 0)
2017-12-18 17:47:03,053 INFO stopped: varnish-plugins-watcher (terminated by SIGTERM)
2017-12-18 17:47:03,084 INFO stopped: php-fpm (exit status 0)
2017-12-18 17:47:03,903 CRIT reaped unknown pid 38)
2017-12-18 17:47:04,097 INFO waiting for varnishd to die
2017-12-18 17:47:04,241 INFO stopped: varnishd (exit status 0)
2017-12-18 17:47:04,902 CRIT Supervisor running as root (no user in config file)
2017-12-18 17:47:04,903 WARN Included extra file "/etc/supervisor/conf.d/supervisord.conf" during parsing
2017-12-18 17:47:04,975 INFO RPC interface 'supervisor' initialized
2017-12-18 17:47:04,983 CRIT Server 'unix_http_server' running without any HTTP authentication checking
2017-12-18 17:47:04,984 INFO supervisord started with pid 1
2017-12-18 17:47:05,990 INFO spawned: 'varnishd' with pid 25
2017-12-18 17:47:05,997 INFO spawned: 'php-fpm' with pid 26
2017-12-18 17:47:06,001 INFO spawned: 'varnish-plugins-watcher' with pid 27
2017-12-18 17:47:06,010 INFO spawned: 'nginx' with pid 28
2017-12-18 17:47:06,019 INFO spawned: 'MailHog' with pid 29
2017-12-18 17:47:06,027 INFO spawned: 'mysql' with pid 30
2017-12-18 17:47:06,031 INFO spawned: 'varnish-themes-watcher' with pid 31
2017-12-18 17:47:07,034 INFO success: varnishd entered RUNNING state, process has stayed up for > than 1 seconds (startsecs)
2017-12-18 17:47:07,036 INFO success: php-fpm entered RUNNING state, process has stayed up for > than 1 seconds (startsecs)
2017-12-18 17:47:07,036 INFO success: varnish-plugins-watcher entered RUNNING state, process has stayed up for > than 1 seconds (startsecs)
2017-12-18 17:47:07,037 INFO success: nginx entered RUNNING state, process has stayed up for > than 1 seconds (startsecs)
2017-12-18 17:47:07,038 INFO success: MailHog entered RUNNING state, process has stayed up for > than 1 seconds (startsecs)
2017-12-18 17:47:07,038 INFO success: mysql entered RUNNING state, process has stayed up for > than 1 seconds (startsecs)
2017-12-18 17:47:07,039 INFO success: varnish-themes-watcher entered RUNNING state, process has stayed up for > than 1 seconds (startsecs)
2017-12-18 21:23:08,311 CRIT Supervisor running as root (no user in config file)
2017-12-18 21:23:08,312 WARN Included extra file "/etc/supervisor/conf.d/supervisord.conf" during parsing
2017-12-18 21:23:08,678 INFO RPC interface 'supervisor' initialized
2017-12-18 21:23:08,683 CRIT Server 'unix_http_server' running without any HTTP authentication checking
2017-12-18 21:23:08,685 INFO supervisord started with pid 1
2017-12-18 21:23:09,691 INFO spawned: 'varnishd' with pid 7
2017-12-18 21:23:09,699 INFO spawned: 'php-fpm' with pid 8
2017-12-18 21:23:09,703 INFO spawned: 'varnish-plugins-watcher' with pid 9
2017-12-18 21:23:09,712 INFO spawned: 'nginx' with pid 10
2017-12-18 21:23:09,721 INFO spawned: 'MailHog' with pid 11
2017-12-18 21:23:09,736 INFO spawned: 'mysql' with pid 12
2017-12-18 21:23:09,748 INFO spawned: 'varnish-themes-watcher' with pid 13
2017-12-18 21:23:11,204 INFO success: varnishd entered RUNNING state, process has stayed up for > than 1 seconds (startsecs)
2017-12-18 21:23:11,204 INFO success: php-fpm entered RUNNING state, process has stayed up for > than 1 seconds (startsecs)
2017-12-18 21:23:11,205 INFO success: varnish-plugins-watcher entered RUNNING state, process has stayed up for > than 1 seconds (startsecs)
2017-12-18 21:23:11,205 INFO success: nginx entered RUNNING state, process has stayed up for > than 1 seconds (startsecs)
2017-12-18 21:23:11,205 INFO success: MailHog entered RUNNING state, process has stayed up for > than 1 seconds (startsecs)
2017-12-18 21:23:11,205 INFO success: mysql entered RUNNING state, process has stayed up for > than 1 seconds (startsecs)
2017-12-18 21:23:11,205 INFO success: varnish-themes-watcher entered RUNNING state, process has stayed up for > than 1 seconds (startsecs)
2017-12-19 18:24:32,370 CRIT Supervisor running as root (no user in config file)
2017-12-19 18:24:32,370 WARN Included extra file "/etc/supervisor/conf.d/supervisord.conf" during parsing
2017-12-19 18:24:32,710 INFO RPC interface 'supervisor' initialized
2017-12-19 18:24:32,711 CRIT Server 'unix_http_server' running without any HTTP authentication checking
2017-12-19 18:24:32,711 INFO supervisord started with pid 1
2017-12-19 18:24:33,716 INFO spawned: 'varnishd' with pid 7
2017-12-19 18:24:33,722 INFO spawned: 'php-fpm' with pid 8
2017-12-19 18:24:33,725 INFO spawned: 'varnish-plugins-watcher' with pid 9
2017-12-19 18:24:33,731 INFO spawned: 'nginx' with pid 10
2017-12-19 18:24:33,735 INFO spawned: 'MailHog' with pid 11
2017-12-19 18:24:33,752 INFO spawned: 'mysql' with pid 12
2017-12-19 18:24:33,755 INFO spawned: 'varnish-themes-watcher' with pid 13
2017-12-19 18:24:35,120 INFO success: varnishd entered RUNNING state, process has stayed up for > than 1 seconds (startsecs)
2017-12-19 18:24:35,121 INFO success: php-fpm entered RUNNING state, process has stayed up for > than 1 seconds (startsecs)
2017-12-19 18:24:35,121 INFO success: varnish-plugins-watcher entered RUNNING state, process has stayed up for > than 1 seconds (startsecs)
2017-12-19 18:24:35,122 INFO success: nginx entered RUNNING state, process has stayed up for > than 1 seconds (startsecs)
2017-12-19 18:24:35,122 INFO success: MailHog entered RUNNING state, process has stayed up for > than 1 seconds (startsecs)
2017-12-19 18:24:35,122 INFO success: mysql entered RUNNING state, process has stayed up for > than 1 seconds (startsecs)
2017-12-19 18:24:35,123 INFO success: varnish-themes-watcher entered RUNNING state, process has stayed up for > than 1 seconds (startsecs)
2017-12-20 14:29:58,737 CRIT Supervisor running as root (no user in config file)
2017-12-20 14:29:58,738 WARN Included extra file "/etc/supervisor/conf.d/supervisord.conf" during parsing
2017-12-20 14:29:59,079 INFO RPC interface 'supervisor' initialized
2017-12-20 14:29:59,079 CRIT Server 'unix_http_server' running without any HTTP authentication checking
2017-12-20 14:29:59,080 INFO supervisord started with pid 1
2017-12-20 14:30:00,084 INFO spawned: 'varnishd' with pid 7
2017-12-20 14:30:00,090 INFO spawned: 'php-fpm' with pid 8
2017-12-20 14:30:00,094 INFO spawned: 'varnish-plugins-watcher' with pid 9
2017-12-20 14:30:00,100 INFO spawned: 'nginx' with pid 10
2017-12-20 14:30:00,106 INFO spawned: 'MailHog' with pid 11
2017-12-20 14:30:00,112 INFO spawned: 'mysql' with pid 12
2017-12-20 14:30:00,116 INFO spawned: 'varnish-themes-watcher' with pid 13
2017-12-20 14:30:01,497 INFO success: varnishd entered RUNNING state, process has stayed up for > than 1 seconds (startsecs)
2017-12-20 14:30:01,498 INFO success: php-fpm entered RUNNING state, process has stayed up for > than 1 seconds (startsecs)
2017-12-20 14:30:01,498 INFO success: varnish-plugins-watcher entered RUNNING state, process has stayed up for > than 1 seconds (startsecs)
2017-12-20 14:30:01,500 INFO success: nginx entered RUNNING state, process has stayed up for > than 1 seconds (startsecs)
2017-12-20 14:30:01,501 INFO success: MailHog entered RUNNING state, process has stayed up for > than 1 seconds (startsecs)
2017-12-20 14:30:01,501 INFO success: mysql entered RUNNING state, process has stayed up for > than 1 seconds (startsecs)
2017-12-20 14:30:01,502 INFO success: varnish-themes-watcher entered RUNNING state, process has stayed up for > than 1 seconds (startsecs)
2017-12-20 17:02:36,284 CRIT Supervisor running as root (no user in config file)
2017-12-20 17:02:36,284 WARN Included extra file "/etc/supervisor/conf.d/supervisord.conf" during parsing
2017-12-20 17:02:36,628 INFO RPC interface 'supervisor' initialized
2017-12-20 17:02:36,628 CRIT Server 'unix_http_server' running without any HTTP authentication checking
2017-12-20 17:02:36,629 INFO supervisord started with pid 1
2017-12-20 17:02:37,632 INFO spawned: 'varnishd' with pid 7
2017-12-20 17:02:37,639 INFO spawned: 'php-fpm' with pid 8
2017-12-20 17:02:37,644 INFO spawned: 'varnish-plugins-watcher' with pid 9
2017-12-20 17:02:37,651 INFO spawned: 'nginx' with pid 10
2017-12-20 17:02:37,660 INFO spawned: 'MailHog' with pid 11
2017-12-20 17:02:37,669 INFO spawned: 'mysql' with pid 12
2017-12-20 17:02:37,680 INFO spawned: 'varnish-themes-watcher' with pid 13
2017-12-20 17:02:39,075 INFO success: varnishd entered RUNNING state, process has stayed up for > than 1 seconds (startsecs)
2017-12-20 17:02:39,075 INFO success: php-fpm entered RUNNING state, process has stayed up for > than 1 seconds (startsecs)
2017-12-20 17:02:39,076 INFO success: varnish-plugins-watcher entered RUNNING state, process has stayed up for > than 1 seconds (startsecs)
2017-12-20 17:02:39,077 INFO success: nginx entered RUNNING state, process has stayed up for > than 1 seconds (startsecs)
2017-12-20 17:02:39,079 INFO success: MailHog entered RUNNING state, process has stayed up for > than 1 seconds (startsecs)
2017-12-20 17:02:39,080 INFO success: mysql entered RUNNING state, process has stayed up for > than 1 seconds (startsecs)
2017-12-20 17:02:39,080 INFO success: varnish-themes-watcher entered RUNNING state, process has stayed up for > than 1 seconds (startsecs)
2017-12-21 13:16:49,261 CRIT Supervisor running as root (no user in config file)
2017-12-21 13:16:49,261 WARN Included extra file "/etc/supervisor/conf.d/supervisord.conf" during parsing
2017-12-21 13:16:49,605 INFO RPC interface 'supervisor' initialized
2017-12-21 13:16:49,605 CRIT Server 'unix_http_server' running without any HTTP authentication checking
2017-12-21 13:16:49,605 INFO supervisord started with pid 1
2017-12-21 13:16:50,609 INFO spawned: 'varnishd' with pid 7
2017-12-21 13:16:50,615 INFO spawned: 'php-fpm' with pid 8
2017-12-21 13:16:50,619 INFO spawned: 'varnish-plugins-watcher' with pid 9
2017-12-21 13:16:50,624 INFO spawned: 'nginx' with pid 10
2017-12-21 13:16:50,629 INFO spawned: 'MailHog' with pid 11
2017-12-21 13:16:50,638 INFO spawned: 'mysql' with pid 12
2017-12-21 13:16:50,642 INFO spawned: 'varnish-themes-watcher' with pid 13
2017-12-21 13:16:52,010 INFO success: varnishd entered RUNNING state, process has stayed up for > than 1 seconds (startsecs)
2017-12-21 13:16:52,011 INFO success: php-fpm entered RUNNING state, process has stayed up for > than 1 seconds (startsecs)
2017-12-21 13:16:52,011 INFO success: varnish-plugins-watcher entered RUNNING state, process has stayed up for > than 1 seconds (startsecs)
2017-12-21 13:16:52,011 INFO success: nginx entered RUNNING state, process has stayed up for > than 1 seconds (startsecs)
2017-12-21 13:16:52,011 INFO success: MailHog entered RUNNING state, process has stayed up for > than 1 seconds (startsecs)
2017-12-21 13:16:52,011 INFO success: mysql entered RUNNING state, process has stayed up for > than 1 seconds (startsecs)
2017-12-21 13:16:52,011 INFO success: varnish-themes-watcher entered RUNNING state, process has stayed up for > than 1 seconds (startsecs)
2017-12-21 18:38:01,631 CRIT Supervisor running as root (no user in config file)
2017-12-21 18:38:01,632 WARN Included extra file "/etc/supervisor/conf.d/supervisord.conf" during parsing
2017-12-21 18:38:01,975 INFO RPC interface 'supervisor' initialized
2017-12-21 18:38:01,975 CRIT Server 'unix_http_server' running without any HTTP authentication checking
2017-12-21 18:38:01,976 INFO supervisord started with pid 1
2017-12-21 18:38:02,981 INFO spawned: 'varnishd' with pid 7
2017-12-21 18:38:02,988 INFO spawned: 'php-fpm' with pid 8
2017-12-21 18:38:02,991 INFO spawned: 'varnish-plugins-watcher' with pid 9
2017-12-21 18:38:02,997 INFO spawned: 'nginx' with pid 10
2017-12-21 18:38:03,003 INFO spawned: 'MailHog' with pid 11
2017-12-21 18:38:03,018 INFO spawned: 'mysql' with pid 12
2017-12-21 18:38:03,021 INFO spawned: 'varnish-themes-watcher' with pid 13
2017-12-21 18:38:04,413 INFO success: varnishd entered RUNNING state, process has stayed up for > than 1 seconds (startsecs)
2017-12-21 18:38:04,413 INFO success: php-fpm entered RUNNING state, process has stayed up for > than 1 seconds (startsecs)
2017-12-21 18:38:04,413 INFO success: varnish-plugins-watcher entered RUNNING state, process has stayed up for > than 1 seconds (startsecs)
2017-12-21 18:38:04,414 INFO success: nginx entered RUNNING state, process has stayed up for > than 1 seconds (startsecs)
2017-12-21 18:38:04,414 INFO success: MailHog entered RUNNING state, process has stayed up for > than 1 seconds (startsecs)
2017-12-21 18:38:04,415 INFO success: mysql entered RUNNING state, process has stayed up for > than 1 seconds (startsecs)
2017-12-21 18:38:04,415 INFO success: varnish-themes-watcher entered RUNNING state, process has stayed up for > than 1 seconds (startsecs)
2017-12-21 23:57:13,730 CRIT Supervisor running as root (no user in config file)
2017-12-21 23:57:13,731 WARN Included extra file "/etc/supervisor/conf.d/supervisord.conf" during parsing
2017-12-21 23:57:14,075 INFO RPC interface 'supervisor' initialized
2017-12-21 23:57:14,076 CRIT Server 'unix_http_server' running without any HTTP authentication checking
2017-12-21 23:57:14,076 INFO supervisord started with pid 1
2017-12-21 23:57:15,080 INFO spawned: 'varnishd' with pid 7
2017-12-21 23:57:15,087 INFO spawned: 'php-fpm' with pid 8
2017-12-21 23:57:15,090 INFO spawned: 'varnish-plugins-watcher' with pid 9
2017-12-21 23:57:15,096 INFO spawned: 'nginx' with pid 10
2017-12-21 23:57:15,102 INFO spawned: 'MailHog' with pid 11
2017-12-21 23:57:15,107 INFO spawned: 'mysql' with pid 12
2017-12-21 23:57:15,120 INFO spawned: 'varnish-themes-watcher' with pid 13
2017-12-21 23:57:16,531 INFO success: varnishd entered RUNNING state, process has stayed up for > than 1 seconds (startsecs)
2017-12-21 23:57:16,531 INFO success: php-fpm entered RUNNING state, process has stayed up for > than 1 seconds (startsecs)
2017-12-21 23:57:16,533 INFO success: varnish-plugins-watcher entered RUNNING state, process has stayed up for > than 1 seconds (startsecs)
2017-12-21 23:57:16,533 INFO success: nginx entered RUNNING state, process has stayed up for > than 1 seconds (startsecs)
2017-12-21 23:57:16,533 INFO success: MailHog entered RUNNING state, process has stayed up for > than 1 seconds (startsecs)
2017-12-21 23:57:16,534 INFO success: mysql entered RUNNING state, process has stayed up for > than 1 seconds (startsecs)
2017-12-21 23:57:16,535 INFO success: varnish-themes-watcher entered RUNNING state, process has stayed up for > than 1 seconds (startsecs)
2017-12-22 14:34:30,627 CRIT Supervisor running as root (no user in config file)
2017-12-22 14:34:30,628 WARN Included extra file "/etc/supervisor/conf.d/supervisord.conf" during parsing
2017-12-22 14:34:30,968 INFO RPC interface 'supervisor' initialized
2017-12-22 14:34:30,968 CRIT Server 'unix_http_server' running without any HTTP authentication checking
2017-12-22 14:34:30,968 INFO supervisord started with pid 1
2017-12-22 14:34:31,972 INFO spawned: 'varnishd' with pid 7
2017-12-22 14:34:31,979 INFO spawned: 'php-fpm' with pid 8
2017-12-22 14:34:31,982 INFO spawned: 'varnish-plugins-watcher' with pid 9
2017-12-22 14:34:31,988 INFO spawned: 'nginx' with pid 10
2017-12-22 14:34:31,994 INFO spawned: 'MailHog' with pid 11
2017-12-22 14:34:32,005 INFO spawned: 'mysql' with pid 12
2017-12-22 14:34:32,008 INFO spawned: 'varnish-themes-watcher' with pid 13
2017-12-22 14:34:33,388 INFO success: varnishd entered RUNNING state, process has stayed up for > than 1 seconds (startsecs)
2017-12-22 14:34:33,389 INFO success: php-fpm entered RUNNING state, process has stayed up for > than 1 seconds (startsecs)
2017-12-22 14:34:33,390 INFO success: varnish-plugins-watcher entered RUNNING state, process has stayed up for > than 1 seconds (startsecs)
2017-12-22 14:34:33,391 INFO success: nginx entered RUNNING state, process has stayed up for > than 1 seconds (startsecs)
2017-12-22 14:34:33,391 INFO success: MailHog entered RUNNING state, process has stayed up for > than 1 seconds (startsecs)
2017-12-22 14:34:33,391 INFO success: mysql entered RUNNING state, process has stayed up for > than 1 seconds (startsecs)
2017-12-22 14:34:33,392 INFO success: varnish-themes-watcher entered RUNNING state, process has stayed up for > than 1 seconds (startsecs)
2017-12-22 16:46:39,971 CRIT Supervisor running as root (no user in config file)
2017-12-22 16:46:39,972 WARN Included extra file "/etc/supervisor/conf.d/supervisord.conf" during parsing
2017-12-22 16:46:40,314 INFO RPC interface 'supervisor' initialized
2017-12-22 16:46:40,314 CRIT Server 'unix_http_server' running without any HTTP authentication checking
2017-12-22 16:46:40,315 INFO supervisord started with pid 1
2017-12-22 16:46:41,318 INFO spawned: 'varnishd' with pid 7
2017-12-22 16:46:41,325 INFO spawned: 'php-fpm' with pid 8
2017-12-22 16:46:41,328 INFO spawned: 'varnish-plugins-watcher' with pid 9
2017-12-22 16:46:41,333 INFO spawned: 'nginx' with pid 10
2017-12-22 16:46:41,338 INFO spawned: 'MailHog' with pid 11
2017-12-22 16:46:41,345 INFO spawned: 'mysql' with pid 12
2017-12-22 16:46:41,354 INFO spawned: 'varnish-themes-watcher' with pid 13
2017-12-22 16:46:42,755 INFO success: varnishd entered RUNNING state, process has stayed up for > than 1 seconds (startsecs)
2017-12-22 16:46:42,756 INFO success: php-fpm entered RUNNING state, process has stayed up for > than 1 seconds (startsecs)
2017-12-22 16:46:42,756 INFO success: varnish-plugins-watcher entered RUNNING state, process has stayed up for > than 1 seconds (startsecs)
2017-12-22 16:46:42,757 INFO success: nginx entered RUNNING state, process has stayed up for > than 1 seconds (startsecs)
2017-12-22 16:46:42,757 INFO success: MailHog entered RUNNING state, process has stayed up for > than 1 seconds (startsecs)
2017-12-22 16:46:42,757 INFO success: mysql entered RUNNING state, process has stayed up for > than 1 seconds (startsecs)
2017-12-22 16:46:42,758 INFO success: varnish-themes-watcher entered RUNNING state, process has stayed up for > than 1 seconds (startsecs)
2017-12-25 13:17:06,395 CRIT Supervisor running as root (no user in config file)
2017-12-25 13:17:06,395 WARN Included extra file "/etc/supervisor/conf.d/supervisord.conf" during parsing
2017-12-25 13:17:06,740 INFO RPC interface 'supervisor' initialized
2017-12-25 13:17:06,740 CRIT Server 'unix_http_server' running without any HTTP authentication checking
2017-12-25 13:17:06,740 INFO supervisord started with pid 1
2017-12-25 13:17:07,744 INFO spawned: 'varnishd' with pid 7
2017-12-25 13:17:07,751 INFO spawned: 'php-fpm' with pid 8
2017-12-25 13:17:07,755 INFO spawned: 'varnish-plugins-watcher' with pid 9
2017-12-25 13:17:07,760 INFO spawned: 'nginx' with pid 10
2017-12-25 13:17:07,765 INFO spawned: 'MailHog' with pid 11
2017-12-25 13:17:07,771 INFO spawned: 'mysql' with pid 12
2017-12-25 13:17:07,777 INFO spawned: 'varnish-themes-watcher' with pid 13
2017-12-25 13:17:09,145 INFO success: varnishd entered RUNNING state, process has stayed up for > than 1 seconds (startsecs)
2017-12-25 13:17:09,146 INFO success: php-fpm entered RUNNING state, process has stayed up for > than 1 seconds (startsecs)
2017-12-25 13:17:09,147 INFO success: varnish-plugins-watcher entered RUNNING state, process has stayed up for > than 1 seconds (startsecs)
2017-12-25 13:17:09,147 INFO success: nginx entered RUNNING state, process has stayed up for > than 1 seconds (startsecs)
2017-12-25 13:17:09,148 INFO success: MailHog entered RUNNING state, process has stayed up for > than 1 seconds (startsecs)
2017-12-25 13:17:09,148 INFO success: mysql entered RUNNING state, process has stayed up for > than 1 seconds (startsecs)
2017-12-25 13:17:09,148 INFO success: varnish-themes-watcher entered RUNNING state, process has stayed up for > than 1 seconds (startsecs)
2017-12-28 13:29:08,493 CRIT Supervisor running as root (no user in config file)
2017-12-28 13:29:08,494 WARN Included extra file "/etc/supervisor/conf.d/supervisord.conf" during parsing
2017-12-28 13:29:08,849 INFO RPC interface 'supervisor' initialized
2017-12-28 13:29:08,850 CRIT Server 'unix_http_server' running without any HTTP authentication checking
2017-12-28 13:29:08,855 INFO supervisord started with pid 1
2017-12-28 13:29:09,861 INFO spawned: 'varnishd' with pid 7
2017-12-28 13:29:09,871 INFO spawned: 'php-fpm' with pid 8
2017-12-28 13:29:09,874 INFO spawned: 'varnish-plugins-watcher' with pid 9
2017-12-28 13:29:09,880 INFO spawned: 'nginx' with pid 10
2017-12-28 13:29:09,886 INFO spawned: 'MailHog' with pid 11
2017-12-28 13:29:09,896 INFO spawned: 'mysql' with pid 12
2017-12-28 13:29:09,907 INFO spawned: 'varnish-themes-watcher' with pid 13
2017-12-28 13:29:11,324 INFO success: varnishd entered RUNNING state, process has stayed up for > than 1 seconds (startsecs)
2017-12-28 13:29:11,325 INFO success: php-fpm entered RUNNING state, process has stayed up for > than 1 seconds (startsecs)
2017-12-28 13:29:11,325 INFO success: varnish-plugins-watcher entered RUNNING state, process has stayed up for > than 1 seconds (startsecs)
2017-12-28 13:29:11,325 INFO success: nginx entered RUNNING state, process has stayed up for > than 1 seconds (startsecs)
2017-12-28 13:29:11,326 INFO success: MailHog entered RUNNING state, process has stayed up for > than 1 seconds (startsecs)
2017-12-28 13:29:11,327 INFO success: mysql entered RUNNING state, process has stayed up for > than 1 seconds (startsecs)
2017-12-28 13:29:11,327 INFO success: varnish-themes-watcher entered RUNNING state, process has stayed up for > than 1 seconds (startsecs)
2017-12-28 17:42:19,798 CRIT Supervisor running as root (no user in config file)
2017-12-28 17:42:19,799 WARN Included extra file "/etc/supervisor/conf.d/supervisord.conf" during parsing
2017-12-28 17:42:20,140 INFO RPC interface 'supervisor' initialized
2017-12-28 17:42:20,140 CRIT Server 'unix_http_server' running without any HTTP authentication checking
2017-12-28 17:42:20,141 INFO supervisord started with pid 1
2017-12-28 17:42:21,143 INFO spawned: 'varnishd' with pid 7
2017-12-28 17:42:21,150 INFO spawned: 'php-fpm' with pid 8
2017-12-28 17:42:21,153 INFO spawned: 'varnish-plugins-watcher' with pid 9
2017-12-28 17:42:21,160 INFO spawned: 'nginx' with pid 10
2017-12-28 17:42:21,165 INFO spawned: 'MailHog' with pid 11
2017-12-28 17:42:21,171 INFO spawned: 'mysql' with pid 12
2017-12-28 17:42:21,176 INFO spawned: 'varnish-themes-watcher' with pid 13
2017-12-28 17:42:22,584 INFO success: varnishd entered RUNNING state, process has stayed up for > than 1 seconds (startsecs)
2017-12-28 17:42:22,585 INFO success: php-fpm entered RUNNING state, process has stayed up for > than 1 seconds (startsecs)
2017-12-28 17:42:22,586 INFO success: varnish-plugins-watcher entered RUNNING state, process has stayed up for > than 1 seconds (startsecs)
2017-12-28 17:42:22,586 INFO success: nginx entered RUNNING state, process has stayed up for > than 1 seconds (startsecs)
2017-12-28 17:42:22,586 INFO success: MailHog entered RUNNING state, process has stayed up for > than 1 seconds (startsecs)
2017-12-28 17:42:22,587 INFO success: mysql entered RUNNING state, process has stayed up for > than 1 seconds (startsecs)
2017-12-28 17:42:22,587 INFO success: varnish-themes-watcher entered RUNNING state, process has stayed up for > than 1 seconds (startsecs)
2017-12-30 01:27:52,259 CRIT Supervisor running as root (no user in config file)
2017-12-30 01:27:52,260 WARN Included extra file "/etc/supervisor/conf.d/supervisord.conf" during parsing
2017-12-30 01:27:52,613 INFO RPC interface 'supervisor' initialized
2017-12-30 01:27:52,613 CRIT Server 'unix_http_server' running without any HTTP authentication checking
2017-12-30 01:27:52,614 INFO supervisord started with pid 1
2017-12-30 01:27:53,618 INFO spawned: 'varnishd' with pid 7
2017-12-30 01:27:53,625 INFO spawned: 'php-fpm' with pid 8
2017-12-30 01:27:53,630 INFO spawned: 'varnish-plugins-watcher' with pid 9
2017-12-30 01:27:53,636 INFO spawned: 'nginx' with pid 10
2017-12-30 01:27:53,645 INFO spawned: 'MailHog' with pid 11
2017-12-30 01:27:53,660 INFO spawned: 'mysql' with pid 12
2017-12-30 01:27:53,664 INFO spawned: 'varnish-themes-watcher' with pid 13
2017-12-30 01:27:55,046 INFO success: varnishd entered RUNNING state, process has stayed up for > than 1 seconds (startsecs)
2017-12-30 01:27:55,047 INFO success: php-fpm entered RUNNING state, process has stayed up for > than 1 seconds (startsecs)
2017-12-30 01:27:55,048 INFO success: varnish-plugins-watcher entered RUNNING state, process has stayed up for > than 1 seconds (startsecs)
2017-12-30 01:27:55,048 INFO success: nginx entered RUNNING state, process has stayed up for > than 1 seconds (startsecs)
2017-12-30 01:27:55,049 INFO success: MailHog entered RUNNING state, process has stayed up for > than 1 seconds (startsecs)
2017-12-30 01:27:55,049 INFO success: mysql entered RUNNING state, process has stayed up for > than 1 seconds (startsecs)
2017-12-30 01:27:55,049 INFO success: varnish-themes-watcher entered RUNNING state, process has stayed up for > than 1 seconds (startsecs)
2018-01-01 13:13:59,722 CRIT Supervisor running as root (no user in config file)
2018-01-01 13:13:59,722 WARN Included extra file "/etc/supervisor/conf.d/supervisord.conf" during parsing
2018-01-01 13:14:00,060 INFO RPC interface 'supervisor' initialized
2018-01-01 13:14:00,060 CRIT Server 'unix_http_server' running without any HTTP authentication checking
2018-01-01 13:14:00,060 INFO supervisord started with pid 1
2018-01-01 13:14:01,064 INFO spawned: 'varnishd' with pid 7
2018-01-01 13:14:01,071 INFO spawned: 'php-fpm' with pid 8
2018-01-01 13:14:01,073 INFO spawned: 'varnish-plugins-watcher' with pid 9
2018-01-01 13:14:01,081 INFO spawned: 'nginx' with pid 10
2018-01-01 13:14:01,087 INFO spawned: 'MailHog' with pid 11
2018-01-01 13:14:01,093 INFO spawned: 'mysql' with pid 12
2018-01-01 13:14:01,104 INFO spawned: 'varnish-themes-watcher' with pid 13
2018-01-01 13:14:02,479 INFO success: varnishd entered RUNNING state, process has stayed up for > than 1 seconds (startsecs)
2018-01-01 13:14:02,479 INFO success: php-fpm entered RUNNING state, process has stayed up for > than 1 seconds (startsecs)
2018-01-01 13:14:02,480 INFO success: varnish-plugins-watcher entered RUNNING state, process has stayed up for > than 1 seconds (startsecs)
2018-01-01 13:14:02,480 INFO success: nginx entered RUNNING state, process has stayed up for > than 1 seconds (startsecs)
2018-01-01 13:14:02,481 INFO success: MailHog entered RUNNING state, process has stayed up for > than 1 seconds (startsecs)
2018-01-01 13:14:02,481 INFO success: mysql entered RUNNING state, process has stayed up for > than 1 seconds (startsecs)
2018-01-01 13:14:02,481 INFO success: varnish-themes-watcher entered RUNNING state, process has stayed up for > than 1 seconds (startsecs)
